param km = 50.0 
param t_op = 99.99 
param k_el = 0.08 
param nu = 0.25 
param kmr = 25.0 
param phi = 0.95 
param a = 0.014669598180371309 
param b_cp = 110.84380610365382 
param b_exp = 26.545424554842175 
param cvp = 99.99 
param alpha_mem = 0.7 
param alpha_press_mem = 0.875 
param beta_cp = 0.77 
param b_exp = 26.545424554842175 
param cost_coef = 1.344 
param cost_coef1 = 0.26880000000000004 
param cost_coef2 = 23.65 
param stc_coef = 0.1 
param loss_coef = 0.0 
param amm = 0.10817550457038888 
